2015-05-20 11:00:19,772 - [INFO] - from play in pool-4-thread-5 
Listening for HTTP on /0:0:0:0:0:0:0:0:9000

2015-05-20 11:00:31,791 - [INFO] - from play in play-internal-execution-context-1 
Application started (Dev)

2015-05-20 11:05:15,992 - [INFO] - from play in play-internal-execution-context-1 
Application started (Dev)

2015-05-20 11:08:40,264 - [INFO] - from play in play-internal-execution-context-1 
database [default] connected at jdbc:h2:mem:play

2015-05-20 11:08:40,306 - [ERROR] - from application in New I/O worker #2 


! @6m8023nkf - Internal server error, for (POST) [/tasks] ->

play.api.db.evolutions.InvalidDatabaseRevision: Database 'default' needs evolution![An SQL script need to be run on your database.]
	at play.api.db.evolutions.EvolutionsPlugin$$anonfun$onStart$1$$anonfun$apply$1.apply$mcV$sp(Evolutions.scala:510) ~[play-jdbc_2.11-2.3.9.jar:2.3.9]
	at play.api.db.evolutions.EvolutionsPlugin.withLock(Evolutions.scala:531) ~[play-jdbc_2.11-2.3.9.jar:2.3.9]
	at play.api.db.evolutions.EvolutionsPlugin$$anonfun$onStart$1.apply(Evolutions.scala:485) ~[play-jdbc_2.11-2.3.9.jar:2.3.9]
	at play.api.db.evolutions.EvolutionsPlugin$$anonfun$onStart$1.apply(Evolutions.scala:483) ~[play-jdbc_2.11-2.3.9.jar:2.3.9]
	at scala.collection.immutable.List.foreach(List.scala:383) ~[scala-library.jar:na]
	at play.api.db.evolutions.EvolutionsPlugin.onStart(Evolutions.scala:483) ~[play-jdbc_2.11-2.3.9.jar:2.3.9]
	at play.api.Play$$anonfun$start$1$$anonfun$apply$mcV$sp$1.apply(Play.scala:91) ~[play_2.11-2.3.9.jar:2.3.9]
	at play.api.Play$$anonfun$start$1$$anonfun$apply$mcV$sp$1.apply(Play.scala:91) ~[play_2.11-2.3.9.jar:2.3.9]
	at scala.collection.immutable.List.foreach(List.scala:383) ~[scala-library.jar:na]
	at play.api.Play$$anonfun$start$1.apply$mcV$sp(Play.scala:91) ~[play_2.11-2.3.9.jar:2.3.9]
	at play.api.Play$$anonfun$start$1.apply(Play.scala:91) ~[play_2.11-2.3.9.jar:2.3.9]
	at play.api.Play$$anonfun$start$1.apply(Play.scala:91) ~[play_2.11-2.3.9.jar:2.3.9]
	at play.utils.Threads$.withContextClassLoader(Threads.scala:21) ~[play_2.11-2.3.9.jar:2.3.9]
	at play.api.Play$.start(Play.scala:90) ~[play_2.11-2.3.9.jar:2.3.9]
	at play.core.ReloadableApplication$$anonfun$get$1$$anonfun$apply$1$$anonfun$1.apply(ApplicationProvider.scala:157) ~[play_2.11-2.3.9.jar:2.3.9]
	at play.core.ReloadableApplication$$anonfun$get$1$$anonfun$apply$1$$anonfun$1.apply(ApplicationProvider.scala:130) ~[play_2.11-2.3.9.jar:2.3.9]
	at scala.Option.map(Option.scala:145) ~[scala-library.jar:na]
	at play.core.ReloadableApplication$$anonfun$get$1$$anonfun$apply$1.apply(ApplicationProvider.scala:130) ~[play_2.11-2.3.9.jar:2.3.9]
	at play.core.ReloadableApplication$$anonfun$get$1$$anonfun$apply$1.apply(ApplicationProvider.scala:128) ~[play_2.11-2.3.9.jar:2.3.9]
	at scala.util.Success.flatMap(Try.scala:230) ~[scala-library.jar:na]
	at play.core.ReloadableApplication$$anonfun$get$1.apply(ApplicationProvider.scala:128) ~[play_2.11-2.3.9.jar:2.3.9]
	at play.core.ReloadableApplication$$anonfun$get$1.apply(ApplicationProvider.scala:120) ~[play_2.11-2.3.9.jar:2.3.9]
	at scala.concurrent.impl.Future$PromiseCompletingRunnable.liftedTree1$1(Future.scala:24) ~[scala-library.jar:na]
	at scala.concurrent.impl.Future$PromiseCompletingRunnable.run(Future.scala:24) ~[scala-library.jar:na]
	at scala.concurrent.forkjoin.ForkJoinTask$AdaptedRunnableAction.exec(ForkJoinTask.java:1361) ~[scala-library.jar:na]
	at scala.concurrent.forkjoin.ForkJoinTask.doExec(ForkJoinTask.java:260) ~[scala-library.jar:na]
	at scala.concurrent.forkjoin.ForkJoinPool$WorkQueue.runTask(ForkJoinPool.java:1339) ~[scala-library.jar:na]
	at scala.concurrent.forkjoin.ForkJoinPool.runWorker(ForkJoinPool.java:1979) ~[scala-library.jar:na]
	at scala.concurrent.forkjoin.ForkJoinWorkerThread.run(ForkJoinWorkerThread.java:107) ~[scala-library.jar:na]

2015-05-20 11:08:42,667 - [INFO] - from play in play-internal-execution-context-1 
database [default] connected at jdbc:h2:mem:play

2015-05-20 11:08:42,678 - [INFO] - from play in play-internal-execution-context-1 
Application started (Dev)

2015-05-20 11:29:43,799 - [INFO] - from play in play-internal-execution-context-1 
database [default] connected at jdbc:h2:mem:play

2015-05-20 11:29:43,807 - [ERROR] - from application in New I/O worker #4 


! @6m804nkn1 - Internal server error, for (GET) [/tasks] ->

play.api.db.evolutions.InvalidDatabaseRevision: Database 'default' needs evolution![An SQL script need to be run on your database.]
	at play.api.db.evolutions.EvolutionsPlugin$$anonfun$onStart$1$$anonfun$apply$1.apply$mcV$sp(Evolutions.scala:510) ~[play-jdbc_2.11-2.3.9.jar:2.3.9]
	at play.api.db.evolutions.EvolutionsPlugin.withLock(Evolutions.scala:531) ~[play-jdbc_2.11-2.3.9.jar:2.3.9]
	at play.api.db.evolutions.EvolutionsPlugin$$anonfun$onStart$1.apply(Evolutions.scala:485) ~[play-jdbc_2.11-2.3.9.jar:2.3.9]
	at play.api.db.evolutions.EvolutionsPlugin$$anonfun$onStart$1.apply(Evolutions.scala:483) ~[play-jdbc_2.11-2.3.9.jar:2.3.9]
	at scala.collection.immutable.List.foreach(List.scala:383) ~[scala-library.jar:na]
	at play.api.db.evolutions.EvolutionsPlugin.onStart(Evolutions.scala:483) ~[play-jdbc_2.11-2.3.9.jar:2.3.9]
	at play.api.Play$$anonfun$start$1$$anonfun$apply$mcV$sp$1.apply(Play.scala:91) ~[play_2.11-2.3.9.jar:2.3.9]
	at play.api.Play$$anonfun$start$1$$anonfun$apply$mcV$sp$1.apply(Play.scala:91) ~[play_2.11-2.3.9.jar:2.3.9]
	at scala.collection.immutable.List.foreach(List.scala:383) ~[scala-library.jar:na]
	at play.api.Play$$anonfun$start$1.apply$mcV$sp(Play.scala:91) ~[play_2.11-2.3.9.jar:2.3.9]
	at play.api.Play$$anonfun$start$1.apply(Play.scala:91) ~[play_2.11-2.3.9.jar:2.3.9]
	at play.api.Play$$anonfun$start$1.apply(Play.scala:91) ~[play_2.11-2.3.9.jar:2.3.9]
	at play.utils.Threads$.withContextClassLoader(Threads.scala:21) ~[play_2.11-2.3.9.jar:2.3.9]
	at play.api.Play$.start(Play.scala:90) ~[play_2.11-2.3.9.jar:2.3.9]
	at play.core.ReloadableApplication$$anonfun$get$1$$anonfun$apply$1$$anonfun$1.apply(ApplicationProvider.scala:157) ~[play_2.11-2.3.9.jar:2.3.9]
	at play.core.ReloadableApplication$$anonfun$get$1$$anonfun$apply$1$$anonfun$1.apply(ApplicationProvider.scala:130) ~[play_2.11-2.3.9.jar:2.3.9]
	at scala.Option.map(Option.scala:145) ~[scala-library.jar:na]
	at play.core.ReloadableApplication$$anonfun$get$1$$anonfun$apply$1.apply(ApplicationProvider.scala:130) ~[play_2.11-2.3.9.jar:2.3.9]
	at play.core.ReloadableApplication$$anonfun$get$1$$anonfun$apply$1.apply(ApplicationProvider.scala:128) ~[play_2.11-2.3.9.jar:2.3.9]
	at scala.util.Success.flatMap(Try.scala:230) ~[scala-library.jar:na]
	at play.core.ReloadableApplication$$anonfun$get$1.apply(ApplicationProvider.scala:128) ~[play_2.11-2.3.9.jar:2.3.9]
	at play.core.ReloadableApplication$$anonfun$get$1.apply(ApplicationProvider.scala:120) ~[play_2.11-2.3.9.jar:2.3.9]
	at scala.concurrent.impl.Future$PromiseCompletingRunnable.liftedTree1$1(Future.scala:24) ~[scala-library.jar:na]
	at scala.concurrent.impl.Future$PromiseCompletingRunnable.run(Future.scala:24) ~[scala-library.jar:na]
	at scala.concurrent.forkjoin.ForkJoinTask$AdaptedRunnableAction.exec(ForkJoinTask.java:1361) ~[scala-library.jar:na]
	at scala.concurrent.forkjoin.ForkJoinTask.doExec(ForkJoinTask.java:260) ~[scala-library.jar:na]
	at scala.concurrent.forkjoin.ForkJoinPool$WorkQueue.runTask(ForkJoinPool.java:1339) ~[scala-library.jar:na]
	at scala.concurrent.forkjoin.ForkJoinPool.runWorker(ForkJoinPool.java:1979) ~[scala-library.jar:na]
	at scala.concurrent.forkjoin.ForkJoinWorkerThread.run(ForkJoinWorkerThread.java:107) ~[scala-library.jar:na]

2015-05-20 11:29:50,490 - [INFO] - from play in play-internal-execution-context-1 
database [default] connected at jdbc:h2:mem:play

2015-05-20 11:29:50,500 - [INFO] - from play in play-internal-execution-context-1 
Application started (Dev)

2015-05-20 11:29:55,763 - [ERROR] - from play in play-akka.actor.default-dispatcher-13 
Cannot invoke the action, eventually got an error: org.h2.jdbc.JdbcSQLException: Syntax error in SQL statement "INSET[*] INTO TASK (LABEL) VALUES (?) "; expected "INSERT, {"; SQL statement:
inset into task (label) values (?) [42001-175]

2015-05-20 11:29:55,774 - [ERROR] - from application in play-akka.actor.default-dispatcher-13 


! @6m804ocf6 - Internal server error, for (POST) [/tasks] ->

play.api.Application$$anon$1: Execution exception[[JdbcSQLException: Syntax error in SQL statement "INSET[*] INTO TASK (LABEL) VALUES (?) "; expected "INSERT, {"; SQL statement:
inset into task (label) values (?) [42001-175]]]
	at play.api.Application$class.handleError(Application.scala:296) ~[play_2.11-2.3.9.jar:2.3.9]
	at play.api.DefaultApplication.handleError(Application.scala:402) [play_2.11-2.3.9.jar:2.3.9]
	at play.core.server.netty.PlayDefaultUpstreamHandler$$anonfun$3$$anonfun$applyOrElse$4.apply(PlayDefaultUpstreamHandler.scala:320) [play_2.11-2.3.9.jar:2.3.9]
	at play.core.server.netty.PlayDefaultUpstreamHandler$$anonfun$3$$anonfun$applyOrElse$4.apply(PlayDefaultUpstreamHandler.scala:320) [play_2.11-2.3.9.jar:2.3.9]
	at scala.Option.map(Option.scala:145) [scala-library.jar:na]
	at play.core.server.netty.PlayDefaultUpstreamHandler$$anonfun$3.applyOrElse(PlayDefaultUpstreamHandler.scala:320) [play_2.11-2.3.9.jar:2.3.9]
	at play.core.server.netty.PlayDefaultUpstreamHandler$$anonfun$3.applyOrElse(PlayDefaultUpstreamHandler.scala:316) [play_2.11-2.3.9.jar:2.3.9]
	at scala.concurrent.Future$$anonfun$recoverWith$1.apply(Future.scala:344) [scala-library.jar:na]
	at scala.concurrent.Future$$anonfun$recoverWith$1.apply(Future.scala:343) [scala-library.jar:na]
	at scala.concurrent.impl.CallbackRunnable.run(Promise.scala:32) [scala-library.jar:na]
	at play.api.libs.iteratee.Execution$trampoline$.execute(Execution.scala:46) [play-iteratees_2.11-2.3.9.jar:2.3.9]
	at scala.concurrent.impl.CallbackRunnable.executeWithValue(Promise.scala:40) [scala-library.jar:na]
	at scala.concurrent.impl.Promise$DefaultPromise.tryComplete(Promise.scala:248) [scala-library.jar:na]
	at scala.concurrent.Promise$class.complete(Promise.scala:55) [scala-library.jar:na]
	at scala.concurrent.impl.Promise$DefaultPromise.complete(Promise.scala:153) [scala-library.jar:na]
	at scala.concurrent.impl.Future$PromiseCompletingRunnable.run(Future.scala:23) [scala-library.jar:na]
	at akka.dispatch.TaskInvocation.run(AbstractDispatcher.scala:41) [akka-actor_2.11.jar:na]
	at akka.dispatch.ForkJoinExecutorConfigurator$AkkaForkJoinTask.exec(AbstractDispatcher.scala:393) [akka-actor_2.11.jar:na]
	at scala.concurrent.forkjoin.ForkJoinTask.doExec(ForkJoinTask.java:260) [scala-library.jar:na]
	at scala.concurrent.forkjoin.ForkJoinPool$WorkQueue.runTask(ForkJoinPool.java:1339) [scala-library.jar:na]
	at scala.concurrent.forkjoin.ForkJoinPool.runWorker(ForkJoinPool.java:1979) [scala-library.jar:na]
	at scala.concurrent.forkjoin.ForkJoinWorkerThread.run(ForkJoinWorkerThread.java:107) [scala-library.jar:na]
Caused by: org.h2.jdbc.JdbcSQLException: Syntax error in SQL statement "INSET[*] INTO TASK (LABEL) VALUES (?) "; expected "INSERT, {"; SQL statement:
inset into task (label) values (?) [42001-175]
	at org.h2.message.DbException.getJdbcSQLException(DbException.java:332) ~[h2.jar:1.3.175]
	at org.h2.message.DbException.getSyntaxError(DbException.java:197) ~[h2.jar:1.3.175]
	at org.h2.command.Parser.getSyntaxError(Parser.java:515) ~[h2.jar:1.3.175]
	at org.h2.command.Parser.parsePrepared(Parser.java:500) ~[h2.jar:1.3.175]
	at org.h2.command.Parser.parse(Parser.java:298) ~[h2.jar:1.3.175]
	at org.h2.command.Parser.parse(Parser.java:274) ~[h2.jar:1.3.175]
	at org.h2.command.Parser.prepareCommand(Parser.java:235) ~[h2.jar:1.3.175]
	at org.h2.engine.Session.prepareLocal(Session.java:436) ~[h2.jar:1.3.175]
	at org.h2.engine.Session.prepareCommand(Session.java:379) ~[h2.jar:1.3.175]
	at org.h2.jdbc.JdbcConnection.prepareCommand(JdbcConnection.java:1138) ~[h2.jar:1.3.175]
	at org.h2.jdbc.JdbcPreparedStatement.<init>(JdbcPreparedStatement.java:70) ~[h2.jar:1.3.175]
	at org.h2.jdbc.JdbcConnection.prepareStatement(JdbcConnection.java:267) ~[h2.jar:1.3.175]
	at com.jolbox.bonecp.ConnectionHandle.prepareStatement(ConnectionHandle.java:1024) ~[bonecp.jar:na]
	at play.api.db.AutoCleanConnection$$anonfun$prepareStatement$1.apply(DB.scala:481) ~[play-jdbc_2.11-2.3.9.jar:2.3.9]
	at play.api.db.AutoCleanConnection$$anonfun$prepareStatement$1.apply(DB.scala:481) ~[play-jdbc_2.11-2.3.9.jar:2.3.9]
	at play.api.db.AutoCleanConnection.registering(DB.scala:460) ~[play-jdbc_2.11-2.3.9.jar:2.3.9]
	at play.api.db.AutoCleanConnection.prepareStatement(DB.scala:481) ~[play-jdbc_2.11-2.3.9.jar:2.3.9]
	at anorm.SimpleSql.getFilledStatement(Anorm.scala:237) ~[anorm_2.11-2.3.9.jar:2.3.9]
	at anorm.Sql$class.executeUpdate(Anorm.scala:330) ~[anorm_2.11-2.3.9.jar:2.3.9]
	at anorm.SimpleSql.executeUpdate(Anorm.scala:190) ~[anorm_2.11-2.3.9.jar:2.3.9]
	at models.Task$$anonfun$create$1.apply(Task.scala:26) ~[classes/:na]
	at models.Task$$anonfun$create$1.apply(Task.scala:23) ~[classes/:na]
	at play.api.db.DBApi$class.withConnection(DB.scala:81) ~[play-jdbc_2.11-2.3.9.jar:2.3.9]
	at play.api.db.BoneCPApi.withConnection(DB.scala:267) ~[play-jdbc_2.11-2.3.9.jar:2.3.9]
	at play.api.db.DB$$anonfun$withConnection$3.apply(DB.scala:162) ~[play-jdbc_2.11-2.3.9.jar:2.3.9]
	at play.api.db.DB$$anonfun$withConnection$3.apply(DB.scala:162) ~[play-jdbc_2.11-2.3.9.jar:2.3.9]
	at scala.Option.map(Option.scala:145) [scala-library.jar:na]
	at play.api.db.DB$.withConnection(DB.scala:162) ~[play-jdbc_2.11-2.3.9.jar:2.3.9]
	at models.Task$.create(Task.scala:23) ~[classes/:na]
	at controllers.Application$$anonfun$newTask$1$$anonfun$apply$2.apply(Application.scala:27) ~[classes/:na]
	at controllers.Application$$anonfun$newTask$1$$anonfun$apply$2.apply(Application.scala:26) ~[classes/:na]
	at play.api.data.Form.fold(Form.scala:139) ~[play_2.11-2.3.9.jar:2.3.9]
	at controllers.Application$$anonfun$newTask$1.apply(Application.scala:24) ~[classes/:na]
	at controllers.Application$$anonfun$newTask$1.apply(Application.scala:23) ~[classes/:na]
	at play.api.mvc.ActionBuilder$$anonfun$apply$16.apply(Action.scala:433) ~[play_2.11-2.3.9.jar:2.3.9]
	at play.api.mvc.ActionBuilder$$anonfun$apply$16.apply(Action.scala:432) ~[play_2.11-2.3.9.jar:2.3.9]
	at play.api.mvc.Action$.invokeBlock(Action.scala:556) ~[play_2.11-2.3.9.jar:2.3.9]
	at play.api.mvc.Action$.invokeBlock(Action.scala:555) ~[play_2.11-2.3.9.jar:2.3.9]
	at play.api.mvc.ActionBuilder$$anon$1.apply(Action.scala:518) ~[play_2.11-2.3.9.jar:2.3.9]
	at play.api.mvc.Action$$anonfun$apply$1$$anonfun$apply$4$$anonfun$apply$5.apply(Action.scala:130) ~[play_2.11-2.3.9.jar:2.3.9]
	at play.api.mvc.Action$$anonfun$apply$1$$anonfun$apply$4$$anonfun$apply$5.apply(Action.scala:130) ~[play_2.11-2.3.9.jar:2.3.9]
	at play.utils.Threads$.withContextClassLoader(Threads.scala:21) ~[play_2.11-2.3.9.jar:2.3.9]
	at play.api.mvc.Action$$anonfun$apply$1$$anonfun$apply$4.apply(Action.scala:129) ~[play_2.11-2.3.9.jar:2.3.9]
	at play.api.mvc.Action$$anonfun$apply$1$$anonfun$apply$4.apply(Action.scala:128) ~[play_2.11-2.3.9.jar:2.3.9]
	at scala.Option.map(Option.scala:145) [scala-library.jar:na]
	at play.api.mvc.Action$$anonfun$apply$1.apply(Action.scala:128) ~[play_2.11-2.3.9.jar:2.3.9]
	at play.api.mvc.Action$$anonfun$apply$1.apply(Action.scala:121) ~[play_2.11-2.3.9.jar:2.3.9]
	at play.api.libs.iteratee.Iteratee$$anonfun$mapM$1.apply(Iteratee.scala:483) ~[play-iteratees_2.11-2.3.9.jar:2.3.9]
	at play.api.libs.iteratee.Iteratee$$anonfun$mapM$1.apply(Iteratee.scala:483) ~[play-iteratees_2.11-2.3.9.jar:2.3.9]
	at play.api.libs.iteratee.Iteratee$$anonfun$flatMapM$1.apply(Iteratee.scala:519) ~[play-iteratees_2.11-2.3.9.jar:2.3.9]
	at play.api.libs.iteratee.Iteratee$$anonfun$flatMapM$1.apply(Iteratee.scala:519) ~[play-iteratees_2.11-2.3.9.jar:2.3.9]
	at play.api.libs.iteratee.Iteratee$$anonfun$flatMap$1$$anonfun$apply$14.apply(Iteratee.scala:496) ~[play-iteratees_2.11-2.3.9.jar:2.3.9]
	at play.api.libs.iteratee.Iteratee$$anonfun$flatMap$1$$anonfun$apply$14.apply(Iteratee.scala:496) ~[play-iteratees_2.11-2.3.9.jar:2.3.9]
	at scala.concurrent.impl.Future$PromiseCompletingRunnable.liftedTree1$1(Future.scala:24) [scala-library.jar:na]
	at scala.concurrent.impl.Future$PromiseCompletingRunnable.run(Future.scala:24) [scala-library.jar:na]
	... 6 common frames omitted

2015-05-20 11:30:12,988 - [INFO] - from play in play-internal-execution-context-1 
database [default] connected at jdbc:h2:mem:play

2015-05-20 11:30:12,995 - [INFO] - from play in play-internal-execution-context-1 
Application started (Dev)

2015-05-20 11:31:41,119 - [INFO] - from play in play-internal-execution-context-1 
database [default] connected at jdbc:h2:mem:play

2015-05-20 11:31:41,126 - [INFO] - from play in play-internal-execution-context-1 
Application started (Dev)

2015-05-20 11:36:29,892 - [INFO] - from play in play-internal-execution-context-1 
database [default] connected at jdbc:h2:mem:play

2015-05-20 11:36:29,902 - [INFO] - from play in play-internal-execution-context-1 
Application started (Dev)

2015-05-20 11:37:49,777 - [INFO] - from play in play-internal-execution-context-1 
database [default] connected at jdbc:h2:mem:play

2015-05-20 11:37:49,786 - [INFO] - from play in play-internal-execution-context-1 
Application started (Dev)

